2024-02-27 18:22:48,217 - SRX2896360_1.fastq had 2259287 read pairs before Bowtie2 filtering
2024-02-27 18:23:25,266 - SRX2896363_1.fastq had 2004530 read pairs before Bowtie2 filtering
2024-02-27 18:24:06,295 - SRX2896374_1.fastq had 2730258 read pairs before Bowtie2 filtering
2024-02-27 18:24:51,844 - SRX2896375_1.fastq had 2476889 read pairs before Bowtie2 filtering
2024-02-27 19:06:20,153 - SRX2896360_1.1.fastq had 1562296 read pairs after Bowtie2 filtering
2024-02-27 19:06:20,990 - SRX2896363_1.1.fastq had 1249472 read pairs after Bowtie2 filtering
2024-02-27 19:06:22,265 - SRX2896374_1.1.fastq had 1922300 read pairs after Bowtie2 filtering
2024-02-27 19:06:23,129 - SRX2896375_1.1.fastq had 1274769 read pairs after Bowtie2 filtering
2024-02-27 20:29:54,142 - spades.py -k 77,99,127 -t 2 --only-assembler --pe-1 1 SRX2896360_1.1.fastq --pe-2 1 SRX2896360_1.2.fastq --pe-1 2 SRX2896363_1.1.fastq --pe-2 2 SRX2896363_1.2.fastq --pe-1 3 SRX2896374_1.1.fastq --pe-2 3 SRX2896374_1.2.fastq --pe-1 4 SRX2896375_1.1.fastq --pe-2 4 SRX2896375_1.2.fastq -o transcriptome
2024-02-27 20:29:54,178 - There are 25 contigs > 1000 bp in the assembly.
2024-02-27 20:29:54,179 - There are 198576 bp in the assembly.
2024-02-27 20:29:57,210 - sacc	pident	length	qstart	qend	sstart	send	bitscore	evalue	stitle
2024-02-27 20:29:57,211 - longest_contig	NC_006273.2	NC_006273.2	98.943	36418	1	36403	51535	87943	65097	0.0	NC_006273.2 Human herpesvirus 5 strain Merlin, complete genome
2024-02-27 20:29:57,211 - longest_contig	NC_006273.2	NC_006273.2	97.603	292	36390	36681	79882	80173	501	2.14e-140	NC_006273.2 Human herpesvirus 5 strain Merlin, complete genome
2024-02-27 20:29:57,211 - longest_contig	NC_003521.1	NC_003521.1	89.722	1401	34502	35899	84006	85403	1784	0.0	NC_003521.1 Panine herpesvirus 2 strain Heberling, complete genome
2024-02-27 20:29:57,211 - longest_contig	NC_003521.1	NC_003521.1	83.323	1571	20232	21794	69334	70893	1432	0.0	NC_003521.1 Panine herpesvirus 2 strain Heberling, complete genome
2024-02-27 20:29:57,211 - longest_contig	NC_003521.1	NC_003521.1	82.224	1367	4925	6271	53809	55127	1116	0.0	NC_003521.1 Panine herpesvirus 2 strain Heberling, complete genome
2024-02-27 20:29:57,211 - longest_contig	NC_003521.1	NC_003521.1	86.584	887	29390	30276	78697	79583	979	0.0	NC_003521.1 Panine herpesvirus 2 strain Heberling, complete genome
2024-02-27 20:29:57,211 - longest_contig	NC_003521.1	NC_003521.1	90.405	740	25690	26426	74890	75628	970	0.0	NC_003521.1 Panine herpesvirus 2 strain Heberling, complete genome
2024-02-27 20:29:57,212 - longest_contig	NC_003521.1	NC_003521.1	81.579	1178	9269	10433	58304	59473	953	0.0	NC_003521.1 Panine herpesvirus 2 strain Heberling, complete genome
2024-02-27 20:29:57,212 - longest_contig	NC_003521.1	NC_003521.1	87.361	807	22491	23289	71620	72423	915	0.0	NC_003521.1 Panine herpesvirus 2 strain Heberling, complete genome
2024-02-27 20:29:57,212 - longest_contig	NC_003521.1	NC_003521.1	84.358	927	30887	31812	80427	81349	904	0.0	NC_003521.1 Panine herpesvirus 2 strain Heberling, complete genome
2024-02-27 20:29:57,212 - longest_contig	NC_003521.1	NC_003521.1	88.046	527	27776	28302	76960	77486	625	1.22e-177	NC_003521.1 Panine herpesvirus 2 strain Heberling, complete genome
2024-02-27 20:29:57,212 - longest_contig	NC_003521.1	NC_003521.1	84.065	615	27074	27685	76072	76683	588	1.59e-166	NC_003521.1 Panine herpesvirus 2 strain Heberling, complete genome
2024-02-27 20:29:57,212 - longest_contig	NC_003521.1	NC_003521.1	81.268	710	227	934	49245	49952	571	1.61e-161	NC_003521.1 Panine herpesvirus 2 strain Heberling, complete genome
2024-02-27 20:29:57,212 - longest_contig	NC_003521.1	NC_003521.1	80.837	741	28585	29321	77832	78550	558	1.25e-157	NC_003521.1 Panine herpesvirus 2 strain Heberling, complete genome
2024-02-27 20:29:57,212 - longest_contig	NC_003521.1	NC_003521.1	79.661	236	3251	3485	52084	52319	169	2.46e-40	NC_003521.1 Panine herpesvirus 2 strain Heberling, complete genome
2024-02-27 20:29:57,212 - longest_contig	NC_003521.1	NC_003521.1	84.270	89	1543	1628	50516	50604	84.2	9.17e-15	NC_003521.1 Panine herpesvirus 2 strain Heberling, complete genome
2024-02-27 20:29:57,212 - longest_contig	NC_075417.1	NC_075417.1	83.816	1347	34562	35898	142857	141522	1260	0.0	NC_075417.1 Mandrillus leucophaeus cytomegalovirus isolate OCOM6-2, complete genome
2024-02-27 20:29:57,212 - longest_contig	NC_075417.1	NC_075417.1	77.214	1242	25193	26419	150920	149711	682	0.0	NC_075417.1 Mandrillus leucophaeus cytomegalovirus isolate OCOM6-2, complete genome
2024-02-27 20:29:57,212 - longest_contig	NC_055235.1	NC_055235.1	83.705	1344	34562	35897	128658	127324	1253	0.0	NC_055235.1 Papiine betaherpesvirus 3, complete genome, *** SEQUENCING IN PROGRESS ***, 22 unordered pieces
2024-02-27 20:29:57,212 - longest_contig	NC_055235.1	NC_055235.1	77.541	1220	25193	26399	136723	135541	689	0.0	NC_055235.1 Papiine betaherpesvirus 3, complete genome, *** SEQUENCING IN PROGRESS ***, 22 unordered pieces
2024-02-27 20:29:57,212 - longest_contig	NC_027016.1	NC_027016.1	83.605	1348	34562	35898	144757	143422	1243	0.0	NC_027016.1 Papio ursinus cytomegalovirus isolate OCOM4-52, complete genome
2024-02-27 20:29:57,212 - longest_contig	NC_027016.1	NC_027016.1	76.262	535	27776	28305	150746	150220	272	1.82e-71	NC_027016.1 Papio ursinus cytomegalovirus isolate OCOM4-52, complete genome
2024-02-27 20:29:57,212 - longest_contig	NC_016154.1	NC_016154.1	85.348	1208	34563	35765	75360	76562	1242	0.0	NC_016154.1 Cynomolgus macaque cytomegalovirus strain Ottawa, complete genome
2024-02-27 20:29:57,212 - longest_contig	NC_016154.1	NC_016154.1	77.612	536	27780	28308	69490	70014	309	1.39e-82	NC_016154.1 Cynomolgus macaque cytomegalovirus strain Ottawa, complete genome
2024-02-27 20:29:57,212 - longest_contig	NC_012783.2	NC_012783.2	85.311	1205	34563	35765	80600	81802	1242	0.0	NC_012783.2 Cercopithecine herpesvirus 5 strain 2715, complete genome
2024-02-27 20:29:57,212 - longest_contig	NC_033176.1	NC_033176.1	85.182	1208	34563	35765	80341	81543	1230	0.0	NC_033176.1 Cynomolgus cytomegalovirus isolate 31908, complete genome
2024-02-27 20:29:57,212 - longest_contig	NC_033176.1	NC_033176.1	77.612	536	27780	28308	74474	74998	309	1.39e-82	NC_033176.1 Cynomolgus cytomegalovirus isolate 31908, complete genome
2024-02-27 20:29:57,212 - longest_contig	NC_006150.1	NC_006150.1	83.824	1292	34563	35849	81325	82611	1219	0.0	NC_006150.1 Macacine herpesvirus 3, complete genome
2024-02-27 20:29:57,212 - longest_contig	NC_016447.1	NC_016447.1	77.632	1216	34562	35765	78422	79625	717	0.0	NC_016447.1 Aotine herpesvirus 1 strain S34E, complete genome
2024-02-27 20:29:57,212 - longest_contig	NC_016447.1	NC_016447.1	76.108	1218	25193	26396	70363	71545	592	1.23e-167	NC_016447.1 Aotine herpesvirus 1 strain S34E, complete genome
